0 info it worked if it ends with ok
1 verbose cli [ 'C:\\Program Files\\nodejs\\node.exe',
1 verbose cli   'C:\\Program Files\\nodejs\\node_modules\\npm\\bin\\npm-cli.js',
1 verbose cli   'install',
1 verbose cli   '@11' ]
2 info using npm@3.8.6
3 info using node@v6.0.0
4 silly loadCurrentTree Starting
5 silly install loadCurrentTree
6 silly install readLocalPackageData
7 silly fetchPackageMetaData @11
8 silly fetchOtherPackageData @11
9 silly cache add args [ '@11', null ]
10 verbose cache add spec @11
11 silly cache add parsed spec Result {
11 silly cache add   raw: '@11',
11 silly cache add   scope: null,
11 silly cache add   name: null,
11 silly cache add   rawSpec: '@11',
11 silly cache add   spec: 'D:\\SUBODH\\SUBODH\\mean demo\\frontend\\@11',
11 silly cache add   type: 'local' }
12 error addLocal Could not install D:\SUBODH\SUBODH\mean demo\frontend\@11
13 silly fetchPackageMetaData Error: ENOENT: no such file or directory, open 'D:\SUBODH\SUBODH\mean demo\frontend\@11'
13 silly fetchPackageMetaData     at Error (native)
13 silly fetchPackageMetaData  error for @11 { Error: ENOENT: no such file or directory, open 'D:\SUBODH\SUBODH\mean demo\frontend\@11'
13 silly fetchPackageMetaData     at Error (native)
13 silly fetchPackageMetaData   errno: -4058,
13 silly fetchPackageMetaData   code: 'ENOENT',
13 silly fetchPackageMetaData   syscall: 'open',
13 silly fetchPackageMetaData   path: 'D:\\SUBODH\\SUBODH\\mean demo\\frontend\\@11' }
14 silly rollbackFailedOptional Starting
15 silly rollbackFailedOptional Finishing
16 silly runTopLevelLifecycles Starting
17 silly runTopLevelLifecycles Finishing
18 silly install printInstalled
19 verbose stack Error: ENOENT: no such file or directory, open 'D:\SUBODH\SUBODH\mean demo\frontend\@11'
19 verbose stack     at Error (native)
20 verbose cwd D:\SUBODH\SUBODH\mean demo\frontend
21 error Windows_NT 10.0.17763
22 error argv "C:\\Program Files\\nodejs\\node.exe" "C:\\Program Files\\nodejs\\node_modules\\npm\\bin\\npm-cli.js" "install" "@11"
23 error node v6.0.0
24 error npm  v3.8.6
25 error path D:\SUBODH\SUBODH\mean demo\frontend\@11
26 error code ENOENT
27 error errno -4058
28 error syscall open
29 error enoent ENOENT: no such file or directory, open 'D:\SUBODH\SUBODH\mean demo\frontend\@11'
30 error enoent ENOENT: no such file or directory, open 'D:\SUBODH\SUBODH\mean demo\frontend\@11'
30 error enoent This is most likely not a problem with npm itself
30 error enoent and is related to npm not being able to find a file.
31 verbose exit [ -4058, true ]
